<?xml version="1.0" encoding="UTF-8"?>
<!-- Generated by org.testng.reporters.JUnitReportReporter -->
<testsuite skipped="0" hostname="DESKTOP-KRLAL0I" name="com.project.DemoProject.Demo" tests="1" failures="0" timestamp="21 Nov 2018 03:55:21 GMT" time="0.056" errors="0">
  <testcase name="f" time="0.056" classname="com.project.DemoProject.Demo"/>
</testsuite> <!-- com.project.DemoProject.Demo -->
