<?xml version="1.0" encoding="UTF-8"?>
<!-- Generated by org.testng.reporters.JUnitReportReporter -->
<testsuite skipped="0" hostname="DESKTOP-KRLAL0I" name="com.project.DemoProject.TC_003" tests="1" failures="0" timestamp="21 Nov 2018 04:00:53 GMT" time="34.209" errors="0">
  <testcase name="testCase1" time="34.209" classname="com.project.DemoProject.TC_003"/>
</testsuite> <!-- com.project.DemoProject.TC_003 -->
