<?xml version="1.0" encoding="UTF-8"?>
<!-- Generated by org.testng.reporters.JUnitReportReporter -->
<testsuite skipped="0" hostname="DESKTOP-KRLAL0I" name="com.project.DemoProject.TC_002" tests="1" failures="0" timestamp="25 Mar 2019 07:41:24 GMT" time="24.010" errors="0">
  <testcase name="testCase1" time="24.010" classname="com.project.DemoProject.TC_002"/>
</testsuite> <!-- com.project.DemoProject.TC_002 -->
